[ 2016-08-14T08:25:29+08:00 ] 127.0.0.1 /index.php/Admin/index/index
INFO: [ app_init ] --START--
INFO: Run Behavior\BuildLiteBehavior [ RunTime:0.000013s ]
INFO: [ app_init ] --END-- [ RunTime:0.000410s ]

[ 2016-08-14T08:25:29+08:00 ] 127.0.0.1 /index.php/Admin/Index/home
INFO: [ app_init ] --START--
INFO: Run Behavior\BuildLiteBehavior [ RunTime:0.000015s ]
INFO: [ app_init ] --END-- [ RunTime:0.000370s ]

[ 2016-08-14T08:25:40+08:00 ] 127.0.0.1 /index.php/Admin/User/showList.html
INFO: [ app_init ] --START--
INFO: Run Behavior\BuildLiteBehavior [ RunTime:0.000023s ]
INFO: [ app_init ] --END-- [ RunTime:0.000627s ]

[ 2016-08-14T08:25:41+08:00 ] 127.0.0.1 /index.php/Admin/Doc/showList.html
INFO: [ app_init ] --START--
INFO: Run Behavior\BuildLiteBehavior [ RunTime:0.000022s ]
INFO: [ app_init ] --END-- [ RunTime:0.000510s ]
ERR: 无法加载控制器:Doc

[ 2016-08-14T08:25:42+08:00 ] 127.0.0.1 /index.php/Admin/Doc/add.html
INFO: [ app_init ] --START--
INFO: Run Behavior\BuildLiteBehavior [ RunTime:0.000013s ]
INFO: [ app_init ] --END-- [ RunTime:0.000357s ]
ERR: 无法加载控制器:Doc

[ 2016-08-14T17:03:37+08:00 ] 127.0.0.1 /index.php/Admin/index/index
INFO: [ app_init ] --START--
INFO: Run Behavior\BuildLiteBehavior [ RunTime:0.000020s ]
INFO: [ app_init ] --END-- [ RunTime:0.000929s ]

[ 2016-08-14T17:03:37+08:00 ] 127.0.0.1 /index.php/Admin/Index/home
INFO: [ app_init ] --START--
INFO: Run Behavior\BuildLiteBehavior [ RunTime:0.000028s ]
INFO: [ app_init ] --END-- [ RunTime:0.000795s ]

[ 2016-08-14T17:03:41+08:00 ] 127.0.0.1 /index.php/Admin/Public/logout
INFO: [ app_init ] --START--
INFO: Run Behavior\BuildLiteBehavior [ RunTime:0.000013s ]
INFO: [ app_init ] --END-- [ RunTime:0.000545s ]

[ 2016-08-14T17:03:43+08:00 ] 127.0.0.1 /index.php/Admin/Public/login.html
INFO: [ app_init ] --START--
INFO: Run Behavior\BuildLiteBehavior [ RunTime:0.000013s ]
INFO: [ app_init ] --END-- [ RunTime:0.000518s ]

[ 2016-08-14T17:03:43+08:00 ] 127.0.0.1 /index.php/Admin/Public/captcha
INFO: [ app_init ] --START--
INFO: Run Behavior\BuildLiteBehavior [ RunTime:0.000017s ]
INFO: [ app_init ] --END-- [ RunTime:0.000491s ]

[ 2016-08-14T17:04:09+08:00 ] 127.0.0.1 /index.php/Admin/Public/check.html
INFO: [ app_init ] --START--
INFO: Run Behavior\BuildLiteBehavior [ RunTime:0.000016s ]
INFO: [ app_init ] --END-- [ RunTime:0.000602s ]

[ 2016-08-14T17:04:12+08:00 ] 127.0.0.1 /index.php/Admin/Index/index.html
INFO: [ app_init ] --START--
INFO: Run Behavior\BuildLiteBehavior [ RunTime:0.000013s ]
INFO: [ app_init ] --END-- [ RunTime:0.000525s ]

[ 2016-08-14T17:04:12+08:00 ] 127.0.0.1 /index.php/Admin/Index/home
INFO: [ app_init ] --START--
INFO: Run Behavior\BuildLiteBehavior [ RunTime:0.000016s ]
INFO: [ app_init ] --END-- [ RunTime:0.000563s ]

[ 2016-08-14T17:04:18+08:00 ] 127.0.0.1 /index.php/Admin/Dept/showList.html
INFO: [ app_init ] --START--
INFO: Run Behavior\BuildLiteBehavior [ RunTime:0.000013s ]
INFO: [ app_init ] --END-- [ RunTime:0.000470s ]

[ 2016-08-14T17:04:21+08:00 ] 127.0.0.1 /index.php/Admin/Dept/add.html
INFO: [ app_init ] --START--
INFO: Run Behavior\BuildLiteBehavior [ RunTime:0.000016s ]
INFO: [ app_init ] --END-- [ RunTime:0.000502s ]

[ 2016-08-14T17:04:24+08:00 ] 127.0.0.1 /index.php/Admin/Dept/add.html
INFO: [ app_init ] --START--
INFO: Run Behavior\BuildLiteBehavior [ RunTime:0.000015s ]
INFO: [ app_init ] --END-- [ RunTime:0.000521s ]

[ 2016-08-14T17:04:29+08:00 ] 127.0.0.1 /index.php/Admin/User/showList.html
INFO: [ app_init ] --START--
INFO: Run Behavior\BuildLiteBehavior [ RunTime:0.000014s ]
INFO: [ app_init ] --END-- [ RunTime:0.000515s ]

[ 2016-08-14T17:04:33+08:00 ] 127.0.0.1 /index.php/Admin/User/add.html
INFO: [ app_init ] --START--
INFO: Run Behavior\BuildLiteBehavior [ RunTime:0.000013s ]
INFO: [ app_init ] --END-- [ RunTime:0.000482s ]

[ 2016-08-14T17:04:35+08:00 ] 127.0.0.1 /index.php/Admin/User/showList.html
INFO: [ app_init ] --START--
INFO: Run Behavior\BuildLiteBehavior [ RunTime:0.000012s ]
INFO: [ app_init ] --END-- [ RunTime:0.000399s ]

[ 2016-08-14T17:04:41+08:00 ] 127.0.0.1 /index.php/Admin/User/showList/p/2.html
INFO: [ app_init ] --START--
INFO: Run Behavior\BuildLiteBehavior [ RunTime:0.000013s ]
INFO: [ app_init ] --END-- [ RunTime:0.000501s ]

[ 2016-08-14T17:04:43+08:00 ] 127.0.0.1 /index.php/Admin/User/showList/p/4.html
INFO: [ app_init ] --START--
INFO: Run Behavior\BuildLiteBehavior [ RunTime:0.000012s ]
INFO: [ app_init ] --END-- [ RunTime:0.000444s ]

[ 2016-08-14T17:04:47+08:00 ] 127.0.0.1 /index.php/Admin/User/showList/p/1.html
INFO: [ app_init ] --START--
INFO: Run Behavior\BuildLiteBehavior [ RunTime:0.000014s ]
INFO: [ app_init ] --END-- [ RunTime:0.000442s ]

[ 2016-08-14T17:04:49+08:00 ] 127.0.0.1 /index.php/Admin/User/showList/p/2.html
INFO: [ app_init ] --START--
INFO: Run Behavior\BuildLiteBehavior [ RunTime:0.000012s ]
INFO: [ app_init ] --END-- [ RunTime:0.000402s ]

[ 2016-08-14T17:04:51+08:00 ] 127.0.0.1 /index.php/Admin/User/showList/p/4.html
INFO: [ app_init ] --START--
INFO: Run Behavior\BuildLiteBehavior [ RunTime:0.000015s ]
INFO: [ app_init ] --END-- [ RunTime:0.000565s ]

[ 2016-08-14T17:04:59+08:00 ] 127.0.0.1 /index.php/Admin/User/showList/p/3.html
INFO: [ app_init ] --START--
INFO: Run Behavior\BuildLiteBehavior [ RunTime:0.000014s ]
INFO: [ app_init ] --END-- [ RunTime:0.000521s ]

[ 2016-08-14T17:05:05+08:00 ] 127.0.0.1 /index.php/Admin/User/showList/p/2.html
INFO: [ app_init ] --START--
INFO: Run Behavior\BuildLiteBehavior [ RunTime:0.000015s ]
INFO: [ app_init ] --END-- [ RunTime:0.000486s ]

[ 2016-08-14T17:05:08+08:00 ] 127.0.0.1 /index.php/Admin/User/showList/p/1.html
INFO: [ app_init ] --START--
INFO: Run Behavior\BuildLiteBehavior [ RunTime:0.000017s ]
INFO: [ app_init ] --END-- [ RunTime:0.000449s ]

[ 2016-08-14T17:05:13+08:00 ] 127.0.0.1 /index.php/Admin/User/showList/p/2.html
INFO: [ app_init ] --START--
INFO: Run Behavior\BuildLiteBehavior [ RunTime:0.000013s ]
INFO: [ app_init ] --END-- [ RunTime:0.000510s ]

[ 2016-08-14T17:09:05+08:00 ] 127.0.0.1 /index.php/Admin/User/showList.html
INFO: [ app_init ] --START--
INFO: Run Behavior\BuildLiteBehavior [ RunTime:0.000021s ]
INFO: [ app_init ] --END-- [ RunTime:0.000609s ]

[ 2016-08-14T17:09:09+08:00 ] 127.0.0.1 /index.php/Admin/User/showList/p/2.html
INFO: [ app_init ] --START--
INFO: Run Behavior\BuildLiteBehavior [ RunTime:0.000013s ]
INFO: [ app_init ] --END-- [ RunTime:0.000474s ]

[ 2016-08-14T17:09:12+08:00 ] 127.0.0.1 /index.php/Admin/User/showList/p/3.html
INFO: [ app_init ] --START--
INFO: Run Behavior\BuildLiteBehavior [ RunTime:0.000012s ]
INFO: [ app_init ] --END-- [ RunTime:0.000456s ]

[ 2016-08-14T17:09:15+08:00 ] 127.0.0.1 /index.php/Admin/User/showList/p/4.html
INFO: [ app_init ] --START--
INFO: Run Behavior\BuildLiteBehavior [ RunTime:0.000013s ]
INFO: [ app_init ] --END-- [ RunTime:0.000480s ]

[ 2016-08-14T17:09:17+08:00 ] 127.0.0.1 /index.php/Admin/User/showList/p/7.html
INFO: [ app_init ] --START--
INFO: Run Behavior\BuildLiteBehavior [ RunTime:0.000013s ]
INFO: [ app_init ] --END-- [ RunTime:0.000380s ]

[ 2016-08-14T17:09:25+08:00 ] 127.0.0.1 /index.php/Admin/User/showList/p/6.html
INFO: [ app_init ] --START--
INFO: Run Behavior\BuildLiteBehavior [ RunTime:0.000013s ]
INFO: [ app_init ] --END-- [ RunTime:0.000485s ]

[ 2016-08-14T17:09:31+08:00 ] 127.0.0.1 /index.php/Admin/User/showList/p/7.html
INFO: [ app_init ] --START--
INFO: Run Behavior\BuildLiteBehavior [ RunTime:0.000013s ]
INFO: [ app_init ] --END-- [ RunTime:0.000450s ]

[ 2016-08-14T17:11:18+08:00 ] 127.0.0.1 /index.php/Admin/User/add.html
INFO: [ app_init ] --START--
INFO: Run Behavior\BuildLiteBehavior [ RunTime:0.000013s ]
INFO: [ app_init ] --END-- [ RunTime:0.000468s ]

[ 2016-08-14T17:12:34+08:00 ] 127.0.0.1 /index.php/Admin/User/addOk
INFO: [ app_init ] --START--
INFO: Run Behavior\BuildLiteBehavior [ RunTime:0.000013s ]
INFO: [ app_init ] --END-- [ RunTime:0.000508s ]

[ 2016-08-14T17:12:37+08:00 ] 127.0.0.1 /index.php/Admin/User/showList.html
INFO: [ app_init ] --START--
INFO: Run Behavior\BuildLiteBehavior [ RunTime:0.000013s ]
INFO: [ app_init ] --END-- [ RunTime:0.000472s ]

[ 2016-08-14T17:13:27+08:00 ] 127.0.0.1 /index.php/Admin/Index/index.html
INFO: [ app_init ] --START--
INFO: Run Behavior\BuildLiteBehavior [ RunTime:0.000013s ]
INFO: [ app_init ] --END-- [ RunTime:0.000478s ]

[ 2016-08-14T17:13:28+08:00 ] 127.0.0.1 /index.php/Admin/Index/home
INFO: [ app_init ] --START--
INFO: Run Behavior\BuildLiteBehavior [ RunTime:0.000023s ]
INFO: [ app_init ] --END-- [ RunTime:0.000953s ]

[ 2016-08-14T17:13:32+08:00 ] 127.0.0.1 /index.php/Admin/User/showList.html
INFO: [ app_init ] --START--
INFO: Run Behavior\BuildLiteBehavior [ RunTime:0.000013s ]
INFO: [ app_init ] --END-- [ RunTime:0.000495s ]

[ 2016-08-14T17:13:47+08:00 ] 127.0.0.1 /index.php/Admin/User/charts
INFO: [ app_init ] --START--
INFO: Run Behavior\BuildLiteBehavior [ RunTime:0.000016s ]
INFO: [ app_init ] --END-- [ RunTime:0.000440s ]

[ 2016-08-14T17:13:50+08:00 ] 127.0.0.1 /index.php/Admin/User/showList.html
INFO: [ app_init ] --START--
INFO: Run Behavior\BuildLiteBehavior [ RunTime:0.000012s ]
INFO: [ app_init ] --END-- [ RunTime:0.000412s ]

[ 2016-08-14T17:13:51+08:00 ] 127.0.0.1 /index.php/Admin/User/charts
INFO: [ app_init ] --START--
INFO: Run Behavior\BuildLiteBehavior [ RunTime:0.000014s ]
INFO: [ app_init ] --END-- [ RunTime:0.000523s ]

[ 2016-08-14T17:13:56+08:00 ] 127.0.0.1 /index.php/Admin/User/add.html
INFO: [ app_init ] --START--
INFO: Run Behavior\BuildLiteBehavior [ RunTime:0.000013s ]
INFO: [ app_init ] --END-- [ RunTime:0.000479s ]

[ 2016-08-14T17:14:06+08:00 ] 127.0.0.1 /index.php/Admin/User/showList.html
INFO: [ app_init ] --START--
INFO: Run Behavior\BuildLiteBehavior [ RunTime:0.000018s ]
INFO: [ app_init ] --END-- [ RunTime:0.000602s ]

[ 2016-08-14T17:18:06+08:00 ] 127.0.0.1 /index.php/Admin/Public/login.html
INFO: [ app_init ] --START--
INFO: Run Behavior\BuildLiteBehavior [ RunTime:0.000019s ]
INFO: [ app_init ] --END-- [ RunTime:0.000609s ]

[ 2016-08-14T17:18:06+08:00 ] 127.0.0.1 /index.php/Admin/Public/captcha
INFO: [ app_init ] --START--
INFO: Run Behavior\BuildLiteBehavior [ RunTime:0.000015s ]
INFO: [ app_init ] --END-- [ RunTime:0.000430s ]

[ 2016-08-14T17:18:16+08:00 ] 127.0.0.1 /index.php/Admin/index/
INFO: [ app_init ] --START--
INFO: Run Behavior\BuildLiteBehavior [ RunTime:0.000016s ]
INFO: [ app_init ] --END-- [ RunTime:0.000527s ]

[ 2016-08-14T17:18:16+08:00 ] 127.0.0.1 /index.php/Admin/Index/home
INFO: [ app_init ] --START--
INFO: Run Behavior\BuildLiteBehavior [ RunTime:0.000016s ]
INFO: [ app_init ] --END-- [ RunTime:0.000418s ]

[ 2016-08-14T17:18:23+08:00 ] 127.0.0.1 /index.php/Admin/index/test50
INFO: [ app_init ] --START--
INFO: Run Behavior\BuildLiteBehavior [ RunTime:0.000013s ]
INFO: [ app_init ] --END-- [ RunTime:0.000505s ]
ERR: 非法操作:test50

[ 2016-08-14T17:18:41+08:00 ] 127.0.0.1 /index.php/Admin/Index/test50
INFO: [ app_init ] --START--
INFO: Run Behavior\BuildLiteBehavior [ RunTime:0.000016s ]
INFO: [ app_init ] --END-- [ RunTime:0.000444s ]
ERR: 非法操作:test50

[ 2016-08-14T17:18:47+08:00 ] 127.0.0.1 /index.php/Admin/Test/test50
INFO: [ app_init ] --START--
INFO: Run Behavior\BuildLiteBehavior [ RunTime:0.000025s ]
INFO: [ app_init ] --END-- [ RunTime:0.000654s ]
ERR: 1064:You have an error in your SQL syntax; check the manual that corresponds to your MySQL server version for the right syntax to use near 'id = t2.id )' at line 1
 [ SQL语句 ] : SELECT t1.*,t2.name as deptname FROM tp_user as t1,tp_dept as t2 WHERE ( t1.dept id = t2.id ) 

[ 2016-08-14T17:22:45+08:00 ] 127.0.0.1 /index.php/Admin/Test/test50
INFO: [ app_init ] --START--
INFO: Run Behavior\BuildLiteBehavior [ RunTime:0.000013s ]
INFO: [ app_init ] --END-- [ RunTime:0.000448s ]

[ 2016-08-14T17:29:16+08:00 ] 127.0.0.1 /index.php/Admin/Test/test50
INFO: [ app_init ] --START--
INFO: Run Behavior\BuildLiteBehavior [ RunTime:0.000015s ]
INFO: [ app_init ] --END-- [ RunTime:0.000475s ]

[ 2016-08-14T17:36:21+08:00 ] 127.0.0.1 /index.php/Admin/Test/test51
INFO: [ app_init ] --START--
INFO: Run Behavior\BuildLiteBehavior [ RunTime:0.000014s ]
INFO: [ app_init ] --END-- [ RunTime:0.000520s ]

[ 2016-08-14T17:50:02+08:00 ] 127.0.0.1 /index.php/Admin/User/showList.html
INFO: [ app_init ] --START--
INFO: Run Behavior\BuildLiteBehavior [ RunTime:0.000015s ]
INFO: [ app_init ] --END-- [ RunTime:0.000490s ]

[ 2016-08-14T17:50:04+08:00 ] 127.0.0.1 /index.php/Admin/User/charts
INFO: [ app_init ] --START--
INFO: Run Behavior\BuildLiteBehavior [ RunTime:0.000015s ]
INFO: [ app_init ] --END-- [ RunTime:0.000490s ]
ERR: 1054:Unknown column 'daptname' in 'group statement'
 [ SQL语句 ] : SELECT t2.name as deptname,count(*) as count FROM tp_user as t1,tp_dept as t2 WHERE ( t1.dept_id = t2.id ) GROUP BY daptname 

[ 2016-08-14T17:50:40+08:00 ] 127.0.0.1 /index.php/Admin/User/showList.html
INFO: [ app_init ] --START--
INFO: Run Behavior\BuildLiteBehavior [ RunTime:0.000013s ]
INFO: [ app_init ] --END-- [ RunTime:0.000484s ]

[ 2016-08-14T17:50:42+08:00 ] 127.0.0.1 /index.php/Admin/User/charts
INFO: [ app_init ] --START--
INFO: Run Behavior\BuildLiteBehavior [ RunTime:0.000013s ]
INFO: [ app_init ] --END-- [ RunTime:0.000486s ]

[ 2016-08-14T17:51:28+08:00 ] 127.0.0.1 /index.php/Admin/User/showList.html
INFO: [ app_init ] --START--
INFO: Run Behavior\BuildLiteBehavior [ RunTime:0.000013s ]
INFO: [ app_init ] --END-- [ RunTime:0.000425s ]

[ 2016-08-14T17:51:32+08:00 ] 127.0.0.1 /index.php/Admin/Dept/showList.html
INFO: [ app_init ] --START--
INFO: Run Behavior\BuildLiteBehavior [ RunTime:0.000014s ]
INFO: [ app_init ] --END-- [ RunTime:0.000411s ]

[ 2016-08-14T17:53:46+08:00 ] 127.0.0.1 /index.php/Admin/Doc/showList.html
INFO: [ app_init ] --START--
INFO: Run Behavior\BuildLiteBehavior [ RunTime:0.000017s ]
INFO: [ app_init ] --END-- [ RunTime:0.000564s ]
ERR: 无法加载控制器:Doc

[ 2016-08-14T17:53:47+08:00 ] 127.0.0.1 /index.php/Admin/Doc/add.html
INFO: [ app_init ] --START--
INFO: Run Behavior\BuildLiteBehavior [ RunTime:0.000013s ]
INFO: [ app_init ] --END-- [ RunTime:0.000472s ]
ERR: 无法加载控制器:Doc

[ 2016-08-14T17:55:41+08:00 ] 127.0.0.1 /index.php/Admin/Doc/showList.html
INFO: [ app_init ] --START--
INFO: Run Behavior\BuildLiteBehavior [ RunTime:0.000014s ]
INFO: [ app_init ] --END-- [ RunTime:0.000496s ]
ERR: 非法操作:showList

[ 2016-08-14T17:55:42+08:00 ] 127.0.0.1 /index.php/Admin/Doc/add.html
INFO: [ app_init ] --START--
INFO: Run Behavior\BuildLiteBehavior [ RunTime:0.000014s ]
INFO: [ app_init ] --END-- [ RunTime:0.000523s ]
ERR: 非法操作:add

[ 2016-08-14T18:34:58+08:00 ] 127.0.0.1 /index.php/Admin/User/showList.html
INFO: [ app_init ] --START--
INFO: Run Behavior\BuildLiteBehavior [ RunTime:0.000013s ]
INFO: [ app_init ] --END-- [ RunTime:0.000477s ]

[ 2016-08-14T18:35:15+08:00 ] 127.0.0.1 /index.php/Admin/Dept/showList.html
INFO: [ app_init ] --START--
INFO: Run Behavior\BuildLiteBehavior [ RunTime:0.000014s ]
INFO: [ app_init ] --END-- [ RunTime:0.000414s ]

[ 2016-08-14T18:35:19+08:00 ] 127.0.0.1 /index.php/Admin/User/add.html
INFO: [ app_init ] --START--
INFO: Run Behavior\BuildLiteBehavior [ RunTime:0.000014s ]
INFO: [ app_init ] --END-- [ RunTime:0.000498s ]

[ 2016-08-14T18:35:21+08:00 ] 127.0.0.1 /index.php/Admin/User/showList.html
INFO: [ app_init ] --START--
INFO: Run Behavior\BuildLiteBehavior [ RunTime:0.000019s ]
INFO: [ app_init ] --END-- [ RunTime:0.000521s ]

[ 2016-08-14T18:35:25+08:00 ] 127.0.0.1 /index.php/Admin/User/charts
INFO: [ app_init ] --START--
INFO: Run Behavior\BuildLiteBehavior [ RunTime:0.000015s ]
INFO: [ app_init ] --END-- [ RunTime:0.000436s ]

[ 2016-08-14T18:35:49+08:00 ] 127.0.0.1 /index.php/Admin/User/showList.html
INFO: [ app_init ] --START--
INFO: Run Behavior\BuildLiteBehavior [ RunTime:0.000015s ]
INFO: [ app_init ] --END-- [ RunTime:0.000497s ]

[ 2016-08-14T18:35:53+08:00 ] 127.0.0.1 /index.php/Admin/Dept/showList.html
INFO: [ app_init ] --START--
INFO: Run Behavior\BuildLiteBehavior [ RunTime:0.000012s ]
INFO: [ app_init ] --END-- [ RunTime:0.000462s ]

[ 2016-08-14T18:36:40+08:00 ] 127.0.0.1 /index.php/Admin/User/showList.html
INFO: [ app_init ] --START--
INFO: Run Behavior\BuildLiteBehavior [ RunTime:0.000013s ]
INFO: [ app_init ] --END-- [ RunTime:0.000482s ]

[ 2016-08-14T18:36:42+08:00 ] 127.0.0.1 /index.php/Admin/User/charts
INFO: [ app_init ] --START--
INFO: Run Behavior\BuildLiteBehavior [ RunTime:0.000013s ]
INFO: [ app_init ] --END-- [ RunTime:0.000467s ]

[ 2016-08-14T18:39:51+08:00 ] 127.0.0.1 /index.php/Admin/User/showList.html
INFO: [ app_init ] --START--
INFO: Run Behavior\BuildLiteBehavior [ RunTime:0.000017s ]
INFO: [ app_init ] --END-- [ RunTime:0.000562s ]

[ 2016-08-14T18:39:56+08:00 ] 127.0.0.1 /index.php/Admin/User/charts
INFO: [ app_init ] --START--
INFO: Run Behavior\BuildLiteBehavior [ RunTime:0.000014s ]
INFO: [ app_init ] --END-- [ RunTime:0.000426s ]

[ 2016-08-14T18:41:14+08:00 ] 127.0.0.1 /index.php/Admin/User/showList.html
INFO: [ app_init ] --START--
INFO: Run Behavior\BuildLiteBehavior [ RunTime:0.000014s ]
INFO: [ app_init ] --END-- [ RunTime:0.000404s ]

[ 2016-08-14T18:41:16+08:00 ] 127.0.0.1 /index.php/Admin/User/charts
INFO: [ app_init ] --START--
INFO: Run Behavior\BuildLiteBehavior [ RunTime:0.000013s ]
INFO: [ app_init ] --END-- [ RunTime:0.000489s ]

[ 2016-08-14T18:43:53+08:00 ] 127.0.0.1 /index.php/Admin/User/showList.html
INFO: [ app_init ] --START--
INFO: Run Behavior\BuildLiteBehavior [ RunTime:0.000013s ]
INFO: [ app_init ] --END-- [ RunTime:0.000495s ]

[ 2016-08-14T18:43:56+08:00 ] 127.0.0.1 /index.php/Admin/User/charts
INFO: [ app_init ] --START--
INFO: Run Behavior\BuildLiteBehavior [ RunTime:0.000012s ]
INFO: [ app_init ] --END-- [ RunTime:0.000392s ]

[ 2016-08-14T18:45:06+08:00 ] 127.0.0.1 /index.php/Admin/User/showList.html
INFO: [ app_init ] --START--
INFO: Run Behavior\BuildLiteBehavior [ RunTime:0.000014s ]
INFO: [ app_init ] --END-- [ RunTime:0.000392s ]

[ 2016-08-14T18:45:08+08:00 ] 127.0.0.1 /index.php/Admin/User/charts
INFO: [ app_init ] --START--
INFO: Run Behavior\BuildLiteBehavior [ RunTime:0.000016s ]
INFO: [ app_init ] --END-- [ RunTime:0.000399s ]

[ 2016-08-14T18:49:00+08:00 ] 127.0.0.1 /index.php/Admin/User/add.html
INFO: [ app_init ] --START--
INFO: Run Behavior\BuildLiteBehavior [ RunTime:0.000015s ]
INFO: [ app_init ] --END-- [ RunTime:0.000475s ]

[ 2016-08-14T18:49:41+08:00 ] 127.0.0.1 /index.php/Admin/User/addOk
INFO: [ app_init ] --START--
INFO: Run Behavior\BuildLiteBehavior [ RunTime:0.000014s ]
INFO: [ app_init ] --END-- [ RunTime:0.000471s ]

[ 2016-08-14T18:49:44+08:00 ] 127.0.0.1 /index.php/Admin/User/showList.html
INFO: [ app_init ] --START--
INFO: Run Behavior\BuildLiteBehavior [ RunTime:0.000016s ]
INFO: [ app_init ] --END-- [ RunTime:0.000623s ]

[ 2016-08-14T18:49:46+08:00 ] 127.0.0.1 /index.php/Admin/User/charts
INFO: [ app_init ] --START--
INFO: Run Behavior\BuildLiteBehavior [ RunTime:0.000013s ]
INFO: [ app_init ] --END-- [ RunTime:0.000389s ]

[ 2016-08-14T18:50:08+08:00 ] 127.0.0.1 /index.php/Admin/User/showList.html
INFO: [ app_init ] --START--
INFO: Run Behavior\BuildLiteBehavior [ RunTime:0.000013s ]
INFO: [ app_init ] --END-- [ RunTime:0.000413s ]

[ 2016-08-14T18:50:11+08:00 ] 127.0.0.1 /index.php/Admin/User/charts
INFO: [ app_init ] --START--
INFO: Run Behavior\BuildLiteBehavior [ RunTime:0.000022s ]
INFO: [ app_init ] --END-- [ RunTime:0.000479s ]

[ 2016-08-14T18:50:25+08:00 ] 127.0.0.1 /index.php/Admin/User/showList.html
INFO: [ app_init ] --START--
INFO: Run Behavior\BuildLiteBehavior [ RunTime:0.000013s ]
INFO: [ app_init ] --END-- [ RunTime:0.000485s ]

[ 2016-08-14T18:50:27+08:00 ] 127.0.0.1 /index.php/Admin/User/charts
INFO: [ app_init ] --START--
INFO: Run Behavior\BuildLiteBehavior [ RunTime:0.000012s ]
INFO: [ app_init ] --END-- [ RunTime:0.000445s ]

[ 2016-08-14T18:51:09+08:00 ] 127.0.0.1 /index.php/Admin/Public/login.html
INFO: [ app_init ] --START--
INFO: Run Behavior\BuildLiteBehavior [ RunTime:0.000015s ]
INFO: [ app_init ] --END-- [ RunTime:0.000431s ]

[ 2016-08-14T18:51:09+08:00 ] 127.0.0.1 /index.php/Admin/Public/captcha
INFO: [ app_init ] --START--
INFO: Run Behavior\BuildLiteBehavior [ RunTime:0.000014s ]
INFO: [ app_init ] --END-- [ RunTime:0.000421s ]

[ 2016-08-14T18:51:18+08:00 ] 127.0.0.1 /index.php/Admin/Index/home.html
INFO: [ app_init ] --START--
INFO: Run Behavior\BuildLiteBehavior [ RunTime:0.000013s ]
INFO: [ app_init ] --END-- [ RunTime:0.000487s ]

[ 2016-08-14T18:51:19+08:00 ] 127.0.0.1 /index.php/Admin/Index/home.html
INFO: [ app_init ] --START--
INFO: Run Behavior\BuildLiteBehavior [ RunTime:0.000015s ]
INFO: [ app_init ] --END-- [ RunTime:0.000454s ]

[ 2016-08-14T18:51:20+08:00 ] 127.0.0.1 /index.php/Admin/Index/home.html
INFO: [ app_init ] --START--
INFO: Run Behavior\BuildLiteBehavior [ RunTime:0.000013s ]
INFO: [ app_init ] --END-- [ RunTime:0.000471s ]

[ 2016-08-14T18:51:21+08:00 ] 127.0.0.1 /index.php/Admin/Index/home.html
INFO: [ app_init ] --START--
INFO: Run Behavior\BuildLiteBehavior [ RunTime:0.000020s ]
INFO: [ app_init ] --END-- [ RunTime:0.000650s ]

[ 2016-08-14T18:52:39+08:00 ] 127.0.0.1 /index.php/Admin/Index/home.html
INFO: [ app_init ] --START--
INFO: Run Behavior\BuildLiteBehavior [ RunTime:0.000014s ]
INFO: [ app_init ] --END-- [ RunTime:0.000410s ]

[ 2016-08-14T18:52:44+08:00 ] 127.0.0.1 /index.php/Admin/User/showList.html
INFO: [ app_init ] --START--
INFO: Run Behavior\BuildLiteBehavior [ RunTime:0.000013s ]
INFO: [ app_init ] --END-- [ RunTime:0.000482s ]

[ 2016-08-14T18:52:54+08:00 ] 127.0.0.1 /index.php/Admin/User/showList.html
INFO: [ app_init ] --START--
INFO: Run Behavior\BuildLiteBehavior [ RunTime:0.000013s ]
INFO: [ app_init ] --END-- [ RunTime:0.000429s ]

[ 2016-08-14T18:52:56+08:00 ] 127.0.0.1 /index.php/Admin/Index/index.html
INFO: [ app_init ] --START--
INFO: Run Behavior\BuildLiteBehavior [ RunTime:0.000016s ]
INFO: [ app_init ] --END-- [ RunTime:0.000566s ]

[ 2016-08-14T18:52:56+08:00 ] 127.0.0.1 /index.php/Admin/Index/home
INFO: [ app_init ] --START--
INFO: Run Behavior\BuildLiteBehavior [ RunTime:0.000015s ]
INFO: [ app_init ] --END-- [ RunTime:0.000444s ]

[ 2016-08-14T18:53:01+08:00 ] 127.0.0.1 /index.php/Admin/Dept/showList.html
INFO: [ app_init ] --START--
INFO: Run Behavior\BuildLiteBehavior [ RunTime:0.000014s ]
INFO: [ app_init ] --END-- [ RunTime:0.000356s ]

[ 2016-08-14T18:53:02+08:00 ] 127.0.0.1 /index.php/Admin/Dept/showList.html
INFO: [ app_init ] --START--
INFO: Run Behavior\BuildLiteBehavior [ RunTime:0.000012s ]
INFO: [ app_init ] --END-- [ RunTime:0.000450s ]

[ 2016-08-14T18:53:03+08:00 ] 127.0.0.1 /index.php/Admin/Index/home.html
INFO: [ app_init ] --START--
INFO: Run Behavior\BuildLiteBehavior [ RunTime:0.000016s ]
INFO: [ app_init ] --END-- [ RunTime:0.000552s ]

[ 2016-08-14T18:53:34+08:00 ] 127.0.0.1 /index.php/Admin/Index/index.html
INFO: [ app_init ] --START--
INFO: Run Behavior\BuildLiteBehavior [ RunTime:0.000013s ]
INFO: [ app_init ] --END-- [ RunTime:0.000419s ]

[ 2016-08-14T18:53:34+08:00 ] 127.0.0.1 /index.php/Admin/Index/home
INFO: [ app_init ] --START--
INFO: Run Behavior\BuildLiteBehavior [ RunTime:0.000015s ]
INFO: [ app_init ] --END-- [ RunTime:0.000377s ]

[ 2016-08-14T18:54:02+08:00 ] 127.0.0.1 /index.php/Admin/Index/index.html
INFO: [ app_init ] --START--
INFO: Run Behavior\BuildLiteBehavior [ RunTime:0.000014s ]
INFO: [ app_init ] --END-- [ RunTime:0.000437s ]

[ 2016-08-14T18:54:02+08:00 ] 127.0.0.1 /index.php/Admin/Index/home
INFO: [ app_init ] --START--
INFO: Run Behavior\BuildLiteBehavior [ RunTime:0.000016s ]
INFO: [ app_init ] --END-- [ RunTime:0.000394s ]

[ 2016-08-14T18:54:06+08:00 ] 127.0.0.1 /index.php/Admin/Dept/showList.html
INFO: [ app_init ] --START--
INFO: Run Behavior\BuildLiteBehavior [ RunTime:0.000014s ]
INFO: [ app_init ] --END-- [ RunTime:0.000487s ]

[ 2016-08-14T18:54:06+08:00 ] 127.0.0.1 /index.php/Admin/Admin/Index.html
INFO: [ app_init ] --START--
INFO: Run Behavior\BuildLiteBehavior [ RunTime:0.000013s ]
INFO: [ app_init ] --END-- [ RunTime:0.000461s ]
ERR: 无法加载控制器:Admin

[ 2016-08-14T18:54:29+08:00 ] 127.0.0.1 /index.php/Admin/Index/index.html
INFO: [ app_init ] --START--
INFO: Run Behavior\BuildLiteBehavior [ RunTime:0.000023s ]
INFO: [ app_init ] --END-- [ RunTime:0.000589s ]

[ 2016-08-14T18:54:29+08:00 ] 127.0.0.1 /index.php/Admin/Index/home
INFO: [ app_init ] --START--
INFO: Run Behavior\BuildLiteBehavior [ RunTime:0.000023s ]
INFO: [ app_init ] --END-- [ RunTime:0.000576s ]

[ 2016-08-14T18:54:30+08:00 ] 127.0.0.1 /index.php/Admin/Index/index.html
INFO: [ app_init ] --START--
INFO: Run Behavior\BuildLiteBehavior [ RunTime:0.000015s ]
INFO: [ app_init ] --END-- [ RunTime:0.000439s ]

[ 2016-08-14T18:54:30+08:00 ] 127.0.0.1 /index.php/Admin/Index/home
INFO: [ app_init ] --START--
INFO: Run Behavior\BuildLiteBehavior [ RunTime:0.000024s ]
INFO: [ app_init ] --END-- [ RunTime:0.001231s ]

[ 2016-08-14T18:54:34+08:00 ] 127.0.0.1 /index.php/Admin/Dept/showList.html
INFO: [ app_init ] --START--
INFO: Run Behavior\BuildLiteBehavior [ RunTime:0.000012s ]
INFO: [ app_init ] --END-- [ RunTime:0.000483s ]

[ 2016-08-14T18:54:35+08:00 ] 127.0.0.1 /index.php/Admin/Index/index.html
INFO: [ app_init ] --START--
INFO: Run Behavior\BuildLiteBehavior [ RunTime:0.000023s ]
INFO: [ app_init ] --END-- [ RunTime:0.000544s ]

[ 2016-08-14T18:54:35+08:00 ] 127.0.0.1 /index.php/Admin/Index/home
INFO: [ app_init ] --START--
INFO: Run Behavior\BuildLiteBehavior [ RunTime:0.000019s ]
INFO: [ app_init ] --END-- [ RunTime:0.000507s ]

[ 2016-08-14T18:55:18+08:00 ] 127.0.0.1 /index.php/Admin/Dept/showList.html
INFO: [ app_init ] --START--
INFO: Run Behavior\BuildLiteBehavior [ RunTime:0.000029s ]
INFO: [ app_init ] --END-- [ RunTime:0.000495s ]

[ 2016-08-14T19:07:19+08:00 ] 127.0.0.1 /index.php/Admin/Doc/add.html
INFO: [ app_init ] --START--
INFO: Run Behavior\BuildLiteBehavior [ RunTime:0.000017s ]
INFO: [ app_init ] --END-- [ RunTime:0.000454s ]
ERR: 模板不存在:./Application/Admin/View/Doc/add.html

[ 2016-08-14T19:08:01+08:00 ] 127.0.0.1 /index.php/Admin/Doc/showList.html
INFO: [ app_init ] --START--
INFO: Run Behavior\BuildLiteBehavior [ RunTime:0.000013s ]
INFO: [ app_init ] --END-- [ RunTime:0.000456s ]

[ 2016-08-14T19:08:02+08:00 ] 127.0.0.1 /index.php/Admin/Doc/add.html
INFO: [ app_init ] --START--
INFO: Run Behavior\BuildLiteBehavior [ RunTime:0.000013s ]
INFO: [ app_init ] --END-- [ RunTime:0.000394s ]

[ 2016-08-14T19:10:51+08:00 ] 127.0.0.1 /index.php/Admin/Doc/showList.html
INFO: [ app_init ] --START--
INFO: Run Behavior\BuildLiteBehavior [ RunTime:0.000013s ]
INFO: [ app_init ] --END-- [ RunTime:0.000428s ]
ERR: 1146:Table 'db_oa.tp_doc' doesn't exist
 [ SQL语句 ] : SHOW COLUMNS FROM `tp_doc`

[ 2016-08-14T19:14:00+08:00 ] 127.0.0.1 /index.php/Admin/Doc/showList.html
INFO: [ app_init ] --START--
INFO: Run Behavior\BuildLiteBehavior [ RunTime:0.000013s ]
INFO: [ app_init ] --END-- [ RunTime:0.000464s ]
ERR: 1146:Table 'db_oa.tp_doc' doesn't exist
 [ SQL语句 ] : SHOW COLUMNS FROM `tp_doc`

[ 2016-08-14T19:16:54+08:00 ] 127.0.0.1 /index.php/Admin/Doc/showList.html
INFO: [ app_init ] --START--
INFO: Run Behavior\BuildLiteBehavior [ RunTime:0.000013s ]
INFO: [ app_init ] --END-- [ RunTime:0.000486s ]

[ 2016-08-14T19:16:59+08:00 ] 127.0.0.1 /index.php/Admin/Doc/showList.html
INFO: [ app_init ] --START--
INFO: Run Behavior\BuildLiteBehavior [ RunTime:0.000013s ]
INFO: [ app_init ] --END-- [ RunTime:0.000482s ]

[ 2016-08-14T19:17:13+08:00 ] 127.0.0.1 /index.php/Admin/Doc/showList.html
INFO: [ app_init ] --START--
INFO: Run Behavior\BuildLiteBehavior [ RunTime:0.000023s ]
INFO: [ app_init ] --END-- [ RunTime:0.000491s ]

[ 2016-08-14T19:18:34+08:00 ] 127.0.0.1 /index.php/Admin/Doc/showList.html
INFO: [ app_init ] --START--
INFO: Run Behavior\BuildLiteBehavior [ RunTime:0.000020s ]
INFO: [ app_init ] --END-- [ RunTime:0.000457s ]

[ 2016-08-14T19:18:37+08:00 ] 127.0.0.1 /index.php/Admin/Doc/showList.html
INFO: [ app_init ] --START--
INFO: Run Behavior\BuildLiteBehavior [ RunTime:0.000013s ]
INFO: [ app_init ] --END-- [ RunTime:0.000387s ]

[ 2016-08-14T19:19:46+08:00 ] 127.0.0.1 /index.php/Admin/Doc/showList.html
INFO: [ app_init ] --START--
INFO: Run Behavior\BuildLiteBehavior [ RunTime:0.000016s ]
INFO: [ app_init ] --END-- [ RunTime:0.000594s ]

[ 2016-08-14T19:19:47+08:00 ] 127.0.0.1 /index.php/Admin/Doc/add.html
INFO: [ app_init ] --START--
INFO: Run Behavior\BuildLiteBehavior [ RunTime:0.000013s ]
INFO: [ app_init ] --END-- [ RunTime:0.000464s ]

[ 2016-08-14T19:19:49+08:00 ] 127.0.0.1 /index.php/Admin/Doc/showList.html
INFO: [ app_init ] --START--
INFO: Run Behavior\BuildLiteBehavior [ RunTime:0.000013s ]
INFO: [ app_init ] --END-- [ RunTime:0.000472s ]

[ 2016-08-14T19:24:15+08:00 ] 127.0.0.1 /index.php/Admin/Doc/showList.html
INFO: [ app_init ] --START--
INFO: Run Behavior\BuildLiteBehavior [ RunTime:0.000018s ]
INFO: [ app_init ] --END-- [ RunTime:0.000520s ]

[ 2016-08-14T19:24:16+08:00 ] 127.0.0.1 /index.php/Admin/Doc/showList.html
INFO: [ app_init ] --START--
INFO: Run Behavior\BuildLiteBehavior [ RunTime:0.000015s ]
INFO: [ app_init ] --END-- [ RunTime:0.000417s ]

[ 2016-08-14T19:24:17+08:00 ] 127.0.0.1 /index.php/Admin/Doc/showList.html
INFO: [ app_init ] --START--
INFO: Run Behavior\BuildLiteBehavior [ RunTime:0.000013s ]
INFO: [ app_init ] --END-- [ RunTime:0.000490s ]

[ 2016-08-14T19:24:18+08:00 ] 127.0.0.1 /index.php/Admin/Doc/showList.html
INFO: [ app_init ] --START--
INFO: Run Behavior\BuildLiteBehavior [ RunTime:0.000012s ]
INFO: [ app_init ] --END-- [ RunTime:0.000476s ]

[ 2016-08-14T19:24:19+08:00 ] 127.0.0.1 /index.php/Admin/Doc/showList.html
INFO: [ app_init ] --START--
INFO: Run Behavior\BuildLiteBehavior [ RunTime:0.000018s ]
INFO: [ app_init ] --END-- [ RunTime:0.000465s ]

[ 2016-08-14T19:24:21+08:00 ] 127.0.0.1 /index.php/Admin/Doc/add.html
INFO: [ app_init ] --START--
INFO: Run Behavior\BuildLiteBehavior [ RunTime:0.000015s ]
INFO: [ app_init ] --END-- [ RunTime:0.000486s ]

[ 2016-08-14T19:24:23+08:00 ] 127.0.0.1 /index.php/Admin/Doc/showList.html
INFO: [ app_init ] --START--
INFO: Run Behavior\BuildLiteBehavior [ RunTime:0.000013s ]
INFO: [ app_init ] --END-- [ RunTime:0.000444s ]

[ 2016-08-14T19:24:37+08:00 ] 127.0.0.1 /index.php/Admin/Doc/showList.html
INFO: [ app_init ] --START--
INFO: Run Behavior\BuildLiteBehavior [ RunTime:0.000014s ]
INFO: [ app_init ] --END-- [ RunTime:0.000375s ]
ERR: 模板不存在:./Application/Admin/View/Doc/showList.html

[ 2016-08-14T19:24:58+08:00 ] 127.0.0.1 /index.php/Admin/Doc/showList.html
INFO: [ app_init ] --START--
INFO: Run Behavior\BuildLiteBehavior [ RunTime:0.000014s ]
INFO: [ app_init ] --END-- [ RunTime:0.000459s ]

[ 2016-08-14T19:25:13+08:00 ] 127.0.0.1 /index.php/Admin/Doc/add
INFO: [ app_init ] --START--
INFO: Run Behavior\BuildLiteBehavior [ RunTime:0.000015s ]
INFO: [ app_init ] --END-- [ RunTime:0.000372s ]

[ 2016-08-14T19:25:15+08:00 ] 127.0.0.1 /index.php/Admin/Doc/add.html
INFO: [ app_init ] --START--
INFO: Run Behavior\BuildLiteBehavior [ RunTime:0.000013s ]
INFO: [ app_init ] --END-- [ RunTime:0.000434s ]

[ 2016-08-14T19:25:17+08:00 ] 127.0.0.1 /index.php/Admin/Doc/showList.html
INFO: [ app_init ] --START--
INFO: Run Behavior\BuildLiteBehavior [ RunTime:0.000012s ]
INFO: [ app_init ] --END-- [ RunTime:0.000480s ]

[ 2016-08-14T19:25:24+08:00 ] 127.0.0.1 /index.php/Admin/Dept/showList.html
INFO: [ app_init ] --START--
INFO: Run Behavior\BuildLiteBehavior [ RunTime:0.000013s ]
INFO: [ app_init ] --END-- [ RunTime:0.000434s ]

[ 2016-08-14T19:25:26+08:00 ] 127.0.0.1 /index.php/Admin/Dept/add.html
INFO: [ app_init ] --START--
INFO: Run Behavior\BuildLiteBehavior [ RunTime:0.000013s ]
INFO: [ app_init ] --END-- [ RunTime:0.000347s ]

[ 2016-08-14T19:25:30+08:00 ] 127.0.0.1 /index.php/Admin/Dept/showList.html
INFO: [ app_init ] --START--
INFO: Run Behavior\BuildLiteBehavior [ RunTime:0.000012s ]
INFO: [ app_init ] --END-- [ RunTime:0.000419s ]

[ 2016-08-14T19:25:36+08:00 ] 127.0.0.1 /index.php/Admin/User/showList.html
INFO: [ app_init ] --START--
INFO: Run Behavior\BuildLiteBehavior [ RunTime:0.000013s ]
INFO: [ app_init ] --END-- [ RunTime:0.000439s ]

[ 2016-08-14T19:25:40+08:00 ] 127.0.0.1 /index.php/Admin/User/add.html
INFO: [ app_init ] --START--
INFO: Run Behavior\BuildLiteBehavior [ RunTime:0.000024s ]
INFO: [ app_init ] --END-- [ RunTime:0.000447s ]

[ 2016-08-14T19:25:45+08:00 ] 127.0.0.1 /index.php/Admin/User/add.html
INFO: [ app_init ] --START--
INFO: Run Behavior\BuildLiteBehavior [ RunTime:0.000014s ]
INFO: [ app_init ] --END-- [ RunTime:0.000467s ]

[ 2016-08-14T19:25:55+08:00 ] 127.0.0.1 /index.php/Admin/User/add.html
INFO: [ app_init ] --START--
INFO: Run Behavior\BuildLiteBehavior [ RunTime:0.000013s ]
INFO: [ app_init ] --END-- [ RunTime:0.000371s ]

[ 2016-08-14T19:26:33+08:00 ] 127.0.0.1 /index.php/Admin/User/showList.html
INFO: [ app_init ] --START--
INFO: Run Behavior\BuildLiteBehavior [ RunTime:0.000019s ]
INFO: [ app_init ] --END-- [ RunTime:0.000583s ]

[ 2016-08-14T19:26:34+08:00 ] 127.0.0.1 /index.php/Admin/User/add
INFO: [ app_init ] --START--
INFO: Run Behavior\BuildLiteBehavior [ RunTime:0.000013s ]
INFO: [ app_init ] --END-- [ RunTime:0.000371s ]

[ 2016-08-14T19:27:03+08:00 ] 127.0.0.1 /index.php/Admin/Dept/showList.html
INFO: [ app_init ] --START--
INFO: Run Behavior\BuildLiteBehavior [ RunTime:0.000017s ]
INFO: [ app_init ] --END-- [ RunTime:0.000558s ]

[ 2016-08-14T19:27:24+08:00 ] 127.0.0.1 /index.php/Admin/Dept/add.html
INFO: [ app_init ] --START--
INFO: Run Behavior\BuildLiteBehavior [ RunTime:0.000014s ]
INFO: [ app_init ] --END-- [ RunTime:0.000477s ]

[ 2016-08-14T19:27:26+08:00 ] 127.0.0.1 /index.php/Admin/Dept/showList.html
INFO: [ app_init ] --START--
INFO: Run Behavior\BuildLiteBehavior [ RunTime:0.000015s ]
INFO: [ app_init ] --END-- [ RunTime:0.000404s ]

[ 2016-08-14T19:27:27+08:00 ] 127.0.0.1 /index.php/Admin/Dept/%7B/index.php/Admin/Dept/add%7D
INFO: [ app_init ] --START--
INFO: Run Behavior\BuildLiteBehavior [ RunTime:0.000014s ]
INFO: [ app_init ] --END-- [ RunTime:0.000444s ]
ERR: 非法操作:{

[ 2016-08-14T19:27:47+08:00 ] 127.0.0.1 /index.php/Admin/Dept/add.html
INFO: [ app_init ] --START--
INFO: Run Behavior\BuildLiteBehavior [ RunTime:0.000013s ]
INFO: [ app_init ] --END-- [ RunTime:0.000449s ]

[ 2016-08-14T19:28:17+08:00 ] 127.0.0.1 /index.php/Admin/Dept/showList.html
INFO: [ app_init ] --START--
INFO: Run Behavior\BuildLiteBehavior [ RunTime:0.000021s ]
INFO: [ app_init ] --END-- [ RunTime:0.000434s ]

[ 2016-08-14T19:28:20+08:00 ] 127.0.0.1 /index.php/Admin/Dept/add.html
INFO: [ app_init ] --START--
INFO: Run Behavior\BuildLiteBehavior [ RunTime:0.000012s ]
INFO: [ app_init ] --END-- [ RunTime:0.000428s ]

[ 2016-08-14T19:28:29+08:00 ] 127.0.0.1 /index.php/Admin/Dept/showList.html
INFO: [ app_init ] --START--
INFO: Run Behavior\BuildLiteBehavior [ RunTime:0.000015s ]
INFO: [ app_init ] --END-- [ RunTime:0.000430s ]

[ 2016-08-14T19:28:29+08:00 ] 127.0.0.1 /index.php/Admin/Dept/%7B/index.php/Admin/Dept/add%7D
INFO: [ app_init ] --START--
INFO: Run Behavior\BuildLiteBehavior [ RunTime:0.000016s ]
INFO: [ app_init ] --END-- [ RunTime:0.000419s ]
ERR: 非法操作:{

[ 2016-08-14T19:28:43+08:00 ] 127.0.0.1 /index.php/Admin/Dept/showList.html
INFO: [ app_init ] --START--
INFO: Run Behavior\BuildLiteBehavior [ RunTime:0.000016s ]
INFO: [ app_init ] --END-- [ RunTime:0.000465s ]

[ 2016-08-14T19:28:54+08:00 ] 127.0.0.1 /index.php/Admin/Dept/showList.html
INFO: [ app_init ] --START--
INFO: Run Behavior\BuildLiteBehavior [ RunTime:0.000013s ]
INFO: [ app_init ] --END-- [ RunTime:0.000447s ]

[ 2016-08-14T19:28:55+08:00 ] 127.0.0.1 /index.php/Admin/Dept/%7B/index.php/Admin/Dept/addOk%7D
INFO: [ app_init ] --START--
INFO: Run Behavior\BuildLiteBehavior [ RunTime:0.000012s ]
INFO: [ app_init ] --END-- [ RunTime:0.000418s ]
ERR: 非法操作:{

[ 2016-08-14T19:29:45+08:00 ] 127.0.0.1 /index.php/Admin/Dept/showList.html
INFO: [ app_init ] --START--
INFO: Run Behavior\BuildLiteBehavior [ RunTime:0.000015s ]
INFO: [ app_init ] --END-- [ RunTime:0.000375s ]

[ 2016-08-14T19:29:48+08:00 ] 127.0.0.1 /index.php/Admin/Dept/edit/id/undefined
INFO: [ app_init ] --START--
INFO: Run Behavior\BuildLiteBehavior [ RunTime:0.000014s ]
INFO: [ app_init ] --END-- [ RunTime:0.000385s ]

[ 2016-08-14T19:29:55+08:00 ] 127.0.0.1 /index.php/Admin/Dept/edit/id/5
INFO: [ app_init ] --START--
INFO: Run Behavior\BuildLiteBehavior [ RunTime:0.000015s ]
INFO: [ app_init ] --END-- [ RunTime:0.000445s ]

[ 2016-08-14T19:30:04+08:00 ] 127.0.0.1 /index.php/Admin/Dept/showList.html
INFO: [ app_init ] --START--
INFO: Run Behavior\BuildLiteBehavior [ RunTime:0.000013s ]
INFO: [ app_init ] --END-- [ RunTime:0.000458s ]

[ 2016-08-14T19:30:08+08:00 ] 127.0.0.1 /index.php/Admin/Dept/%7B/index.php/Admin/Dept/addOk%7D
INFO: [ app_init ] --START--
INFO: Run Behavior\BuildLiteBehavior [ RunTime:0.000013s ]
INFO: [ app_init ] --END-- [ RunTime:0.000395s ]
ERR: 非法操作:{

[ 2016-08-14T19:31:25+08:00 ] 127.0.0.1 /index.php/Admin/Dept/showList.html
INFO: [ app_init ] --START--
INFO: Run Behavior\BuildLiteBehavior [ RunTime:0.000012s ]
INFO: [ app_init ] --END-- [ RunTime:0.000468s ]

[ 2016-08-14T19:31:28+08:00 ] 127.0.0.1 /index.php/Admin/Dept/add.html
INFO: [ app_init ] --START--
INFO: Run Behavior\BuildLiteBehavior [ RunTime:0.000014s ]
INFO: [ app_init ] --END-- [ RunTime:0.000466s ]

[ 2016-08-14T19:31:32+08:00 ] 127.0.0.1 /index.php/Admin/Dept/showList.html
INFO: [ app_init ] --START--
INFO: Run Behavior\BuildLiteBehavior [ RunTime:0.000012s ]
INFO: [ app_init ] --END-- [ RunTime:0.000488s ]

[ 2016-08-14T19:31:34+08:00 ] 127.0.0.1 /index.php/Admin/Dept/%7B/index.php/Admin/Dept/add%7D
INFO: [ app_init ] --START--
INFO: Run Behavior\BuildLiteBehavior [ RunTime:0.000013s ]
INFO: [ app_init ] --END-- [ RunTime:0.000462s ]
ERR: 非法操作:{

[ 2016-08-14T19:31:50+08:00 ] 127.0.0.1 /index.php/Admin/Index/index.html
INFO: [ app_init ] --START--
INFO: Run Behavior\BuildLiteBehavior [ RunTime:0.000012s ]
INFO: [ app_init ] --END-- [ RunTime:0.000461s ]

[ 2016-08-14T19:31:51+08:00 ] 127.0.0.1 /index.php/Admin/Index/home
INFO: [ app_init ] --START--
INFO: Run Behavior\BuildLiteBehavior [ RunTime:0.000021s ]
INFO: [ app_init ] --END-- [ RunTime:0.000588s ]

[ 2016-08-14T19:31:54+08:00 ] 127.0.0.1 /index.php/Admin/Dept/showList.html
INFO: [ app_init ] --START--
INFO: Run Behavior\BuildLiteBehavior [ RunTime:0.000014s ]
INFO: [ app_init ] --END-- [ RunTime:0.000480s ]

[ 2016-08-14T19:31:57+08:00 ] 127.0.0.1 /index.php/Admin/Dept/add.html
INFO: [ app_init ] --START--
INFO: Run Behavior\BuildLiteBehavior [ RunTime:0.000018s ]
INFO: [ app_init ] --END-- [ RunTime:0.000485s ]

[ 2016-08-14T19:31:59+08:00 ] 127.0.0.1 /index.php/Admin/Dept/showList.html
INFO: [ app_init ] --START--
INFO: Run Behavior\BuildLiteBehavior [ RunTime:0.000021s ]
INFO: [ app_init ] --END-- [ RunTime:0.000588s ]

[ 2016-08-14T19:32:02+08:00 ] 127.0.0.1 /index.php/Admin/Dept/%7B/index.php/Admin/Dept/add%7D
INFO: [ app_init ] --START--
INFO: Run Behavior\BuildLiteBehavior [ RunTime:0.000012s ]
INFO: [ app_init ] --END-- [ RunTime:0.000446s ]
ERR: 非法操作:{

[ 2016-08-14T19:32:06+08:00 ] 127.0.0.1 /index.php/Admin/Dept/showList.html
INFO: [ app_init ] --START--
INFO: Run Behavior\BuildLiteBehavior [ RunTime:0.000013s ]
INFO: [ app_init ] --END-- [ RunTime:0.000412s ]

[ 2016-08-14T19:32:30+08:00 ] 127.0.0.1 /index.php/Admin/Dept/showList.html
INFO: [ app_init ] --START--
INFO: Run Behavior\BuildLiteBehavior [ RunTime:0.000014s ]
INFO: [ app_init ] --END-- [ RunTime:0.000473s ]

[ 2016-08-14T19:32:32+08:00 ] 127.0.0.1 /index.php/Admin/Dept/add
INFO: [ app_init ] --START--
INFO: Run Behavior\BuildLiteBehavior [ RunTime:0.000014s ]
INFO: [ app_init ] --END-- [ RunTime:0.000422s ]

[ 2016-08-14T19:32:38+08:00 ] 127.0.0.1 /index.php/Admin/Dept/showList.html
INFO: [ app_init ] --START--
INFO: Run Behavior\BuildLiteBehavior [ RunTime:0.000013s ]
INFO: [ app_init ] --END-- [ RunTime:0.000480s ]

[ 2016-08-14T19:32:41+08:00 ] 127.0.0.1 /index.php/Admin/Dept/add.html
INFO: [ app_init ] --START--
INFO: Run Behavior\BuildLiteBehavior [ RunTime:0.000012s ]
INFO: [ app_init ] --END-- [ RunTime:0.000461s ]

[ 2016-08-14T19:32:55+08:00 ] 127.0.0.1 /index.php/Admin/Doc/add.html
INFO: [ app_init ] --START--
INFO: Run Behavior\BuildLiteBehavior [ RunTime:0.000014s ]
INFO: [ app_init ] --END-- [ RunTime:0.000472s ]

[ 2016-08-14T19:33:34+08:00 ] 127.0.0.1 /index.php/Admin/Doc/showList.html
INFO: [ app_init ] --START--
INFO: Run Behavior\BuildLiteBehavior [ RunTime:0.000014s ]
INFO: [ app_init ] --END-- [ RunTime:0.000467s ]

[ 2016-08-14T19:34:25+08:00 ] 127.0.0.1 /index.php/Admin/Doc/showList.html
INFO: [ app_init ] --START--
INFO: Run Behavior\BuildLiteBehavior [ RunTime:0.000014s ]
INFO: [ app_init ] --END-- [ RunTime:0.000496s ]

[ 2016-08-14T19:34:37+08:00 ] 127.0.0.1 /index.php/Admin/Doc/add.html
INFO: [ app_init ] --START--
INFO: Run Behavior\BuildLiteBehavior [ RunTime:0.000032s ]
INFO: [ app_init ] --END-- [ RunTime:0.000629s ]

[ 2016-08-14T19:37:28+08:00 ] 127.0.0.1 /index.php/Admin/Doc/showList.html
INFO: [ app_init ] --START--
INFO: Run Behavior\BuildLiteBehavior [ RunTime:0.000015s ]
INFO: [ app_init ] --END-- [ RunTime:0.000485s ]

[ 2016-08-14T19:37:29+08:00 ] 127.0.0.1 /index.php/Admin/Doc/add.html
INFO: [ app_init ] --START--
INFO: Run Behavior\BuildLiteBehavior [ RunTime:0.000015s ]
INFO: [ app_init ] --END-- [ RunTime:0.000412s ]

[ 2016-08-14T19:46:56+08:00 ] 127.0.0.1 /index.php/Admin/Doc/addOk
INFO: [ app_init ] --START--
INFO: Run Behavior\BuildLiteBehavior [ RunTime:0.000022s ]
INFO: [ app_init ] --END-- [ RunTime:0.000449s ]

[ 2016-08-14T19:46:59+08:00 ] 127.0.0.1 /index.php/Admin/Doc/showList.html
INFO: [ app_init ] --START--
INFO: Run Behavior\BuildLiteBehavior [ RunTime:0.000013s ]
INFO: [ app_init ] --END-- [ RunTime:0.000403s ]

[ 2016-08-14T19:47:08+08:00 ] 127.0.0.1 /index.php/Admin/Doc/add.html
INFO: [ app_init ] --START--
INFO: Run Behavior\BuildLiteBehavior [ RunTime:0.000012s ]
INFO: [ app_init ] --END-- [ RunTime:0.000506s ]

[ 2016-08-14T19:47:11+08:00 ] 127.0.0.1 /index.php/Admin/Doc/showList.html
INFO: [ app_init ] --START--
INFO: Run Behavior\BuildLiteBehavior [ RunTime:0.000028s ]
INFO: [ app_init ] --END-- [ RunTime:0.000648s ]

[ 2016-08-14T19:47:59+08:00 ] 127.0.0.1 /index.php/Admin/Doc/showList.html
INFO: [ app_init ] --START--
INFO: Run Behavior\BuildLiteBehavior [ RunTime:0.000013s ]
INFO: [ app_init ] --END-- [ RunTime:0.000489s ]

[ 2016-08-14T20:00:20+08:00 ] 127.0.0.1 /index.php/Admin/Doc/showList.html
INFO: [ app_init ] --START--
INFO: Run Behavior\BuildLiteBehavior [ RunTime:0.000017s ]
INFO: [ app_init ] --END-- [ RunTime:0.000605s ]

[ 2016-08-14T20:00:31+08:00 ] 127.0.0.1 /index.php/Admin/Doc/add.html
INFO: [ app_init ] --START--
INFO: Run Behavior\BuildLiteBehavior [ RunTime:0.000012s ]
INFO: [ app_init ] --END-- [ RunTime:0.000511s ]

[ 2016-08-14T20:00:42+08:00 ] 127.0.0.1 /index.php/Admin/Doc/addOk
INFO: [ app_init ] --START--
INFO: Run Behavior\BuildLiteBehavior [ RunTime:0.000012s ]
INFO: [ app_init ] --END-- [ RunTime:0.000468s ]

[ 2016-08-14T20:00:45+08:00 ] 127.0.0.1 /index.php/Admin/Doc/showList.html
INFO: [ app_init ] --START--
INFO: Run Behavior\BuildLiteBehavior [ RunTime:0.000013s ]
INFO: [ app_init ] --END-- [ RunTime:0.000502s ]

[ 2016-08-14T20:00:55+08:00 ] 127.0.0.1 /index.php/Admin/Doc/download/id/2
INFO: [ app_init ] --START--
INFO: Run Behavior\BuildLiteBehavior [ RunTime:0.000012s ]
INFO: [ app_init ] --END-- [ RunTime:0.000467s ]
ERR: 非法操作:download

[ 2016-08-14T20:07:48+08:00 ] 127.0.0.1 /index.php/Admin/Doc/showList.html
INFO: [ app_init ] --START--
INFO: Run Behavior\BuildLiteBehavior [ RunTime:0.000014s ]
INFO: [ app_init ] --END-- [ RunTime:0.000505s ]

[ 2016-08-14T20:07:50+08:00 ] 127.0.0.1 /index.php/Admin/Doc/add.html
INFO: [ app_init ] --START--
INFO: Run Behavior\BuildLiteBehavior [ RunTime:0.000012s ]
INFO: [ app_init ] --END-- [ RunTime:0.000493s ]

[ 2016-08-14T20:09:58+08:00 ] 127.0.0.1 /index.php/Admin/Doc/addOk
INFO: [ app_init ] --START--
INFO: Run Behavior\BuildLiteBehavior [ RunTime:0.000014s ]
INFO: [ app_init ] --END-- [ RunTime:0.000512s ]

[ 2016-08-14T20:10:01+08:00 ] 127.0.0.1 /index.php/Admin/Doc/showList.html
INFO: [ app_init ] --START--
INFO: Run Behavior\BuildLiteBehavior [ RunTime:0.000016s ]
INFO: [ app_init ] --END-- [ RunTime:0.000476s ]

[ 2016-08-14T20:10:16+08:00 ] 127.0.0.1 /index.php/Admin/Doc/download/id/3
INFO: [ app_init ] --START--
INFO: Run Behavior\BuildLiteBehavior [ RunTime:0.000012s ]
INFO: [ app_init ] --END-- [ RunTime:0.000438s ]
ERR: 非法操作:download

[ 2016-08-14T20:29:04+08:00 ] 127.0.0.1 /index.php/Admin/Doc/showList.html
INFO: [ app_init ] --START--
INFO: Run Behavior\BuildLiteBehavior [ RunTime:0.000014s ]
INFO: [ app_init ] --END-- [ RunTime:0.000504s ]

